{"C:\\Users\\user\\Documents\\HNG INTERSHIP\\Habit Tracker\\src\\app\\dashboard\\page.tsx": {"path":"C:\\Users\\user\\Documents\\HNG INTERSHIP\\Habit Tracker\\src\\app\\dashboard\\page.tsx","statementMap":{"0":{"start":{"line":1,"column":0},"end":{"line":1,"column":null}},"1":{"start":{"line":13,"column":8},"end":{"line":13,"column":28}},"2":{"start":{"line":14,"column":17},"end":{"line":14,"column":51}},"3":{"start":{"line":15,"column":21},"end":{"line":15,"column":53}},"4":{"start":{"line":16,"column":23},"end":{"line":16,"column":54}},"5":{"start":{"line":18,"column":8},"end":{"line":20,"column":null}},"6":{"start":{"line":19,"column":4},"end":{"line":19,"column":null}},"7":{"start":{"line":20,"column":4},"end":{"line":20,"column":null}},"8":{"start":{"line":23,"column":8},"end":{"line":31,"column":8}},"9":{"start":{"line":24,"column":20},"end":{"line":24,"column":40}},"10":{"start":{"line":25,"column":4},"end":{"line":29,"column":null}},"11":{"start":{"line":26,"column":6},"end":{"line":26,"column":null}},"12":{"start":{"line":27,"column":24},"end":{"line":27,"column":43}},"13":{"start":{"line":28,"column":25},"end":{"line":28,"column":75}},"14":{"start":{"line":28,"column":47},"end":{"line":28,"column":75}},"15":{"start":{"line":29,"column":6},"end":{"line":29,"column":null}},"16":{"start":{"line":33,"column":2},"end":{"line":38,"column":null}},"17":{"start":{"line":34,"column":23},"end":{"line":35,"column":null}},"18":{"start":{"line":35,"column":6},"end":{"line":35,"column":null}},"19":{"start":{"line":37,"column":4},"end":{"line":37,"column":null}},"20":{"start":{"line":40,"column":19},"end":{"line":40,"column":null}},"21":{"start":{"line":41,"column":23},"end":{"line":41,"column":null}},"22":{"start":{"line":41,"column":66},"end":{"line":41,"column":118}},"23":{"start":{"line":43,"column":2},"end":{"line":128,"column":null}},"24":{"start":{"line":107,"column":39},"end":{"line":107,"column":58}},"25":{"start":{"line":117,"column":18},"end":{"line":117,"column":null}},"26":{"start":{"line":118,"column":18},"end":{"line":118,"column":null}},"27":{"start":{"line":120,"column":32},"end":{"line":120,"column":null}},"28":{"start":{"line":124,"column":59},"end":{"line":124,"column":78}}},"fnMap":{"0":{"name":"Dashboard","decl":{"start":{"line":12,"column":24},"end":{"line":12,"column":36}},"loc":{"start":{"line":12,"column":36},"end":{"line":128,"column":null}},"line":12},"1":{"name":"(anonymous_1)","decl":{"start":{"line":18,"column":8},"end":{"line":18,"column":29}},"loc":{"start":{"line":18,"column":29},"end":{"line":20,"column":null}},"line":18},"2":{"name":"(anonymous_2)","decl":{"start":{"line":23,"column":21},"end":{"line":23,"column":39}},"loc":{"start":{"line":23,"column":39},"end":{"line":31,"column":7}},"line":23},"3":{"name":"(anonymous_3)","decl":{"start":{"line":28,"column":35},"end":{"line":28,"column":42}},"loc":{"start":{"line":28,"column":47},"end":{"line":28,"column":75}},"line":28},"4":{"name":"(anonymous_4)","decl":{"start":{"line":33,"column":2},"end":{"line":33,"column":18}},"loc":{"start":{"line":33,"column":18},"end":{"line":38,"column":6}},"line":33},"5":{"name":"(anonymous_5)","decl":{"start":{"line":34,"column":23},"end":{"line":34,"column":35}},"loc":{"start":{"line":34,"column":35},"end":{"line":35,"column":null}},"line":34},"6":{"name":"(anonymous_6)","decl":{"start":{"line":41,"column":62},"end":{"line":41,"column":66}},"loc":{"start":{"line":41,"column":66},"end":{"line":41,"column":118}},"line":41},"7":{"name":"(anonymous_7)","decl":{"start":{"line":107,"column":24},"end":{"line":107,"column":39}},"loc":{"start":{"line":107,"column":39},"end":{"line":107,"column":58}},"line":107},"8":{"name":"(anonymous_8)","decl":{"start":{"line":116,"column":16},"end":{"line":116,"column":33}},"loc":{"start":{"line":116,"column":33},"end":{"line":118,"column":null}},"line":116},"9":{"name":"(anonymous_9)","decl":{"start":{"line":120,"column":16},"end":{"line":120,"column":32}},"loc":{"start":{"line":120,"column":32},"end":{"line":120,"column":null}},"line":120},"10":{"name":"(anonymous_10)","decl":{"start":{"line":124,"column":39},"end":{"line":124,"column":59}},"loc":{"start":{"line":124,"column":59},"end":{"line":124,"column":78}},"line":124}},"branchMap":{"0":{"loc":{"start":{"line":25,"column":4},"end":{"line":29,"column":null}},"type":"if","locations":[{"start":{"line":25,"column":4},"end":{"line":29,"column":null}},{"start":{},"end":{}}],"line":25},"1":{"loc":{"start":{"line":41,"column":23},"end":{"line":41,"column":null}},"type":"cond-expr","locations":[{"start":{"line":41,"column":43},"end":{"line":41,"column":120}},{"start":{"line":41,"column":123},"end":{"line":41,"column":null}}],"line":41},"2":{"loc":{"start":{"line":58,"column":15},"end":{"line":58,"column":null}},"type":"cond-expr","locations":[{"start":{"line":58,"column":30},"end":{"line":58,"column":66}},{"start":{"line":58,"column":69},"end":{"line":58,"column":null}}],"line":58},"3":{"loc":{"start":{"line":68,"column":94},"end":{"line":68,"column":null}},"type":"cond-expr","locations":[{"start":{"line":68,"column":109},"end":{"line":68,"column":145}},{"start":{"line":68,"column":145},"end":{"line":68,"column":null}}],"line":68},"4":{"loc":{"start":{"line":106,"column":15},"end":{"line":108,"column":null}},"type":"binary-expr","locations":[{"start":{"line":106,"column":15},"end":{"line":106,"column":null}},{"start":{"line":107,"column":16},"end":{"line":108,"column":null}}],"line":106},"5":{"loc":{"start":{"line":114,"column":13},"end":{"line":121,"column":null}},"type":"binary-expr","locations":[{"start":{"line":114,"column":13},"end":{"line":114,"column":null}},{"start":{"line":115,"column":14},"end":{"line":121,"column":null}}],"line":114}},"s":{"0":1,"1":16,"2":16,"3":16,"4":16,"5":16,"6":0,"7":0,"8":16,"9":9,"10":9,"11":9,"12":9,"13":9,"14":6,"15":9,"16":16,"17":5,"18":5,"19":5,"20":16,"21":16,"22":6,"23":16,"24":2,"25":1,"26":1,"27":0,"28":0},"f":{"0":16,"1":0,"2":9,"3":6,"4":5,"5":5,"6":6,"7":2,"8":1,"9":0,"10":0},"b":{"0":[9,0],"1":[6,10],"2":[11,5],"3":[11,5],"4":[16,14],"5":[16,2]},"meta":{"lastBranch":6,"lastFunction":11,"lastStatement":29,"seen":{"s:1:0:1:Infinity":0,"f:12:24:12:36":0,"s:13:8:13:28":1,"s:14:17:14:51":2,"s:15:21:15:53":3,"s:16:23:16:54":4,"s:18:8:20:Infinity":5,"f:18:8:18:29":1,"s:19:4:19:Infinity":6,"s:20:4:20:Infinity":7,"s:23:8:31:8":8,"f:23:21:23:39":2,"s:24:20:24:40":9,"b:25:4:29:Infinity:undefined:undefined:undefined:undefined":0,"s:25:4:29:Infinity":10,"s:26:6:26:Infinity":11,"s:27:24:27:43":12,"s:28:25:28:75":13,"f:28:35:28:42":3,"s:28:47:28:75":14,"s:29:6:29:Infinity":15,"s:33:2:38:Infinity":16,"f:33:2:33:18":4,"s:34:23:35:Infinity":17,"f:34:23:34:35":5,"s:35:6:35:Infinity":18,"s:37:4:37:Infinity":19,"s:40:19:40:Infinity":20,"s:41:23:41:Infinity":21,"b:41:43:41:120:41:123:41:Infinity":1,"f:41:62:41:66":6,"s:41:66:41:118":22,"s:43:2:128:Infinity":23,"b:58:30:58:66:58:69:58:Infinity":2,"b:68:109:68:145:68:145:68:Infinity":3,"b:106:15:106:Infinity:107:16:108:Infinity":4,"f:107:24:107:39":7,"s:107:39:107:58":24,"b:114:13:114:Infinity:115:14:121:Infinity":5,"f:116:16:116:33":8,"s:117:18:117:Infinity":25,"s:118:18:118:Infinity":26,"f:120:16:120:32":9,"s:120:32:120:Infinity":27,"f:124:39:124:59":10,"s:124:59:124:78":28}}}
,"C:\\Users\\user\\Documents\\HNG INTERSHIP\\Habit Tracker\\src\\components\\auth\\LoginForm.tsx": {"path":"C:\\Users\\user\\Documents\\HNG INTERSHIP\\Habit Tracker\\src\\components\\auth\\LoginForm.tsx","statementMap":{"0":{"start":{"line":1,"column":0},"end":{"line":1,"column":null}},"1":{"start":{"line":9,"column":8},"end":{"line":9,"column":28}},"2":{"start":{"line":10,"column":16},"end":{"line":10,"column":40}},"3":{"start":{"line":11,"column":19},"end":{"line":11,"column":46}},"4":{"start":{"line":12,"column":23},"end":{"line":12,"column":57}},"5":{"start":{"line":13,"column":16},"end":{"line":13,"column":40}},"6":{"start":{"line":15,"column":8},"end":{"line":28,"column":null}},"7":{"start":{"line":16,"column":4},"end":{"line":16,"column":null}},"8":{"start":{"line":17,"column":4},"end":{"line":17,"column":null}},"9":{"start":{"line":19,"column":18},"end":{"line":19,"column":36}},"10":{"start":{"line":20,"column":17},"end":{"line":20,"column":80}},"11":{"start":{"line":20,"column":35},"end":{"line":20,"column":80}},"12":{"start":{"line":22,"column":4},"end":{"line":24,"column":null}},"13":{"start":{"line":23,"column":6},"end":{"line":23,"column":null}},"14":{"start":{"line":24,"column":6},"end":{"line":24,"column":null}},"15":{"start":{"line":27,"column":4},"end":{"line":27,"column":null}},"16":{"start":{"line":28,"column":4},"end":{"line":28,"column":null}},"17":{"start":{"line":31,"column":2},"end":{"line":114,"column":null}},"18":{"start":{"line":58,"column":33},"end":{"line":58,"column":57}},"19":{"start":{"line":79,"column":33},"end":{"line":79,"column":60}},"20":{"start":{"line":86,"column":31},"end":{"line":86,"column":61}}},"fnMap":{"0":{"name":"LoginForm","decl":{"start":{"line":8,"column":24},"end":{"line":8,"column":36}},"loc":{"start":{"line":8,"column":36},"end":{"line":114,"column":null}},"line":8},"1":{"name":"(anonymous_1)","decl":{"start":{"line":15,"column":8},"end":{"line":15,"column":24}},"loc":{"start":{"line":15,"column":47},"end":{"line":28,"column":null}},"line":15},"2":{"name":"(anonymous_2)","decl":{"start":{"line":20,"column":23},"end":{"line":20,"column":29}},"loc":{"start":{"line":20,"column":35},"end":{"line":20,"column":80}},"line":20},"3":{"name":"(anonymous_3)","decl":{"start":{"line":58,"column":16},"end":{"line":58,"column":27}},"loc":{"start":{"line":58,"column":33},"end":{"line":58,"column":57}},"line":58},"4":{"name":"(anonymous_4)","decl":{"start":{"line":79,"column":16},"end":{"line":79,"column":27}},"loc":{"start":{"line":79,"column":33},"end":{"line":79,"column":60}},"line":79},"5":{"name":"(anonymous_5)","decl":{"start":{"line":86,"column":16},"end":{"line":86,"column":31}},"loc":{"start":{"line":86,"column":31},"end":{"line":86,"column":61}},"line":86}},"branchMap":{"0":{"loc":{"start":{"line":20,"column":35},"end":{"line":20,"column":80}},"type":"binary-expr","locations":[{"start":{"line":20,"column":35},"end":{"line":20,"column":56}},{"start":{"line":20,"column":56},"end":{"line":20,"column":80}}],"line":20},"1":{"loc":{"start":{"line":22,"column":4},"end":{"line":24,"column":null}},"type":"if","locations":[{"start":{"line":22,"column":4},"end":{"line":24,"column":null}},{"start":{},"end":{}}],"line":22},"2":{"loc":{"start":{"line":42,"column":11},"end":{"line":45,"column":null}},"type":"binary-expr","locations":[{"start":{"line":42,"column":11},"end":{"line":42,"column":null}},{"start":{"line":43,"column":12},"end":{"line":45,"column":null}}],"line":42},"3":{"loc":{"start":{"line":76,"column":22},"end":{"line":76,"column":null}},"type":"cond-expr","locations":[{"start":{"line":76,"column":37},"end":{"line":76,"column":46}},{"start":{"line":76,"column":46},"end":{"line":76,"column":null}}],"line":76},"4":{"loc":{"start":{"line":89,"column":61},"end":{"line":89,"column":115}},"type":"cond-expr","locations":[{"start":{"line":89,"column":76},"end":{"line":89,"column":95}},{"start":{"line":89,"column":95},"end":{"line":89,"column":115}}],"line":89}},"s":{"0":1,"1":8,"2":8,"3":8,"4":8,"5":8,"6":8,"7":2,"8":2,"9":2,"10":2,"11":2,"12":2,"13":1,"14":1,"15":1,"16":1,"17":8,"18":2,"19":2,"20":0},"f":{"0":8,"1":2,"2":2,"3":2,"4":2,"5":0},"b":{"0":[2,2],"1":[1,1],"2":[8,1],"3":[0,8],"4":[0,8]},"meta":{"lastBranch":5,"lastFunction":6,"lastStatement":21,"seen":{"s:1:0:1:Infinity":0,"f:8:24:8:36":0,"s:9:8:9:28":1,"s:10:16:10:40":2,"s:11:19:11:46":3,"s:12:23:12:57":4,"s:13:16:13:40":5,"s:15:8:28:Infinity":6,"f:15:8:15:24":1,"s:16:4:16:Infinity":7,"s:17:4:17:Infinity":8,"s:19:18:19:36":9,"s:20:17:20:80":10,"f:20:23:20:29":2,"s:20:35:20:80":11,"b:20:35:20:56:20:56:20:80":0,"b:22:4:24:Infinity:undefined:undefined:undefined:undefined":1,"s:22:4:24:Infinity":12,"s:23:6:23:Infinity":13,"s:24:6:24:Infinity":14,"s:27:4:27:Infinity":15,"s:28:4:28:Infinity":16,"s:31:2:114:Infinity":17,"b:42:11:42:Infinity:43:12:45:Infinity":2,"f:58:16:58:27":3,"s:58:33:58:57":18,"b:76:37:76:46:76:46:76:Infinity":3,"f:79:16:79:27":4,"s:79:33:79:60":19,"f:86:16:86:31":5,"s:86:31:86:61":20,"b:89:76:89:95:89:95:89:115":4}}}
,"C:\\Users\\user\\Documents\\HNG INTERSHIP\\Habit Tracker\\src\\components\\auth\\SignupForm.tsx": {"path":"C:\\Users\\user\\Documents\\HNG INTERSHIP\\Habit Tracker\\src\\components\\auth\\SignupForm.tsx","statementMap":{"0":{"start":{"line":1,"column":0},"end":{"line":1,"column":null}},"1":{"start":{"line":9,"column":8},"end":{"line":9,"column":28}},"2":{"start":{"line":10,"column":19},"end":{"line":10,"column":46}},"3":{"start":{"line":11,"column":16},"end":{"line":11,"column":40}},"4":{"start":{"line":12,"column":19},"end":{"line":12,"column":46}},"5":{"start":{"line":13,"column":23},"end":{"line":13,"column":57}},"6":{"start":{"line":14,"column":16},"end":{"line":14,"column":40}},"7":{"start":{"line":16,"column":8},"end":{"line":41,"column":null}},"8":{"start":{"line":17,"column":4},"end":{"line":17,"column":null}},"9":{"start":{"line":18,"column":4},"end":{"line":18,"column":null}},"10":{"start":{"line":20,"column":4},"end":{"line":22,"column":null}},"11":{"start":{"line":21,"column":6},"end":{"line":21,"column":null}},"12":{"start":{"line":22,"column":6},"end":{"line":22,"column":null}},"13":{"start":{"line":25,"column":18},"end":{"line":25,"column":36}},"14":{"start":{"line":26,"column":4},"end":{"line":28,"column":null}},"15":{"start":{"line":26,"column":26},"end":{"line":26,"column":44}},"16":{"start":{"line":27,"column":6},"end":{"line":27,"column":null}},"17":{"start":{"line":28,"column":6},"end":{"line":28,"column":null}},"18":{"start":{"line":31,"column":20},"end":{"line":36,"column":null}},"19":{"start":{"line":38,"column":4},"end":{"line":38,"column":null}},"20":{"start":{"line":39,"column":4},"end":{"line":39,"column":null}},"21":{"start":{"line":41,"column":4},"end":{"line":41,"column":null}},"22":{"start":{"line":44,"column":2},"end":{"line":129,"column":null}},"23":{"start":{"line":66,"column":31},"end":{"line":66,"column":null}},"24":{"start":{"line":80,"column":31},"end":{"line":80,"column":55}},"25":{"start":{"line":95,"column":31},"end":{"line":95,"column":58}},"26":{"start":{"line":101,"column":29},"end":{"line":101,"column":59}}},"fnMap":{"0":{"name":"SignupForm","decl":{"start":{"line":8,"column":24},"end":{"line":8,"column":37}},"loc":{"start":{"line":8,"column":37},"end":{"line":129,"column":null}},"line":8},"1":{"name":"(anonymous_1)","decl":{"start":{"line":16,"column":8},"end":{"line":16,"column":24}},"loc":{"start":{"line":16,"column":47},"end":{"line":41,"column":null}},"line":16},"2":{"name":"(anonymous_2)","decl":{"start":{"line":26,"column":14},"end":{"line":26,"column":20}},"loc":{"start":{"line":26,"column":26},"end":{"line":26,"column":44}},"line":26},"3":{"name":"(anonymous_3)","decl":{"start":{"line":66,"column":14},"end":{"line":66,"column":25}},"loc":{"start":{"line":66,"column":31},"end":{"line":66,"column":null}},"line":66},"4":{"name":"(anonymous_4)","decl":{"start":{"line":80,"column":14},"end":{"line":80,"column":25}},"loc":{"start":{"line":80,"column":31},"end":{"line":80,"column":55}},"line":80},"5":{"name":"(anonymous_5)","decl":{"start":{"line":95,"column":14},"end":{"line":95,"column":25}},"loc":{"start":{"line":95,"column":31},"end":{"line":95,"column":58}},"line":95},"6":{"name":"(anonymous_6)","decl":{"start":{"line":101,"column":14},"end":{"line":101,"column":29}},"loc":{"start":{"line":101,"column":29},"end":{"line":101,"column":59}},"line":101}},"branchMap":{"0":{"loc":{"start":{"line":20,"column":4},"end":{"line":22,"column":null}},"type":"if","locations":[{"start":{"line":20,"column":4},"end":{"line":22,"column":null}},{"start":{},"end":{}}],"line":20},"1":{"loc":{"start":{"line":20,"column":8},"end":{"line":20,"column":29}},"type":"binary-expr","locations":[{"start":{"line":20,"column":8},"end":{"line":20,"column":18}},{"start":{"line":20,"column":18},"end":{"line":20,"column":29}}],"line":20},"2":{"loc":{"start":{"line":26,"column":4},"end":{"line":28,"column":null}},"type":"if","locations":[{"start":{"line":26,"column":4},"end":{"line":28,"column":null}},{"start":{},"end":{}}],"line":26},"3":{"loc":{"start":{"line":52,"column":9},"end":{"line":55,"column":null}},"type":"binary-expr","locations":[{"start":{"line":52,"column":9},"end":{"line":52,"column":null}},{"start":{"line":53,"column":10},"end":{"line":55,"column":null}}],"line":52},"4":{"loc":{"start":{"line":92,"column":20},"end":{"line":92,"column":null}},"type":"cond-expr","locations":[{"start":{"line":92,"column":35},"end":{"line":92,"column":44}},{"start":{"line":92,"column":44},"end":{"line":92,"column":null}}],"line":92},"5":{"loc":{"start":{"line":103,"column":71},"end":{"line":103,"column":125}},"type":"cond-expr","locations":[{"start":{"line":103,"column":86},"end":{"line":103,"column":105}},{"start":{"line":103,"column":105},"end":{"line":103,"column":125}}],"line":103}},"s":{"0":1,"1":8,"2":8,"3":8,"4":8,"5":8,"6":8,"7":8,"8":2,"9":2,"10":2,"11":0,"12":0,"13":2,"14":2,"15":1,"16":1,"17":1,"18":1,"19":1,"20":1,"21":1,"22":8,"23":0,"24":2,"25":2,"26":0},"f":{"0":8,"1":2,"2":1,"3":0,"4":2,"5":2,"6":0},"b":{"0":[0,2],"1":[2,2],"2":[1,1],"3":[8,1],"4":[0,8],"5":[0,8]},"meta":{"lastBranch":6,"lastFunction":7,"lastStatement":27,"seen":{"s:1:0:1:Infinity":0,"f:8:24:8:37":0,"s:9:8:9:28":1,"s:10:19:10:46":2,"s:11:16:11:40":3,"s:12:19:12:46":4,"s:13:23:13:57":5,"s:14:16:14:40":6,"s:16:8:41:Infinity":7,"f:16:8:16:24":1,"s:17:4:17:Infinity":8,"s:18:4:18:Infinity":9,"b:20:4:22:Infinity:undefined:undefined:undefined:undefined":0,"s:20:4:22:Infinity":10,"b:20:8:20:18:20:18:20:29":1,"s:21:6:21:Infinity":11,"s:22:6:22:Infinity":12,"s:25:18:25:36":13,"b:26:4:28:Infinity:undefined:undefined:undefined:undefined":2,"s:26:4:28:Infinity":14,"f:26:14:26:20":2,"s:26:26:26:44":15,"s:27:6:27:Infinity":16,"s:28:6:28:Infinity":17,"s:31:20:36:Infinity":18,"s:38:4:38:Infinity":19,"s:39:4:39:Infinity":20,"s:41:4:41:Infinity":21,"s:44:2:129:Infinity":22,"b:52:9:52:Infinity:53:10:55:Infinity":3,"f:66:14:66:25":3,"s:66:31:66:Infinity":23,"f:80:14:80:25":4,"s:80:31:80:55":24,"b:92:35:92:44:92:44:92:Infinity":4,"f:95:14:95:25":5,"s:95:31:95:58":25,"f:101:14:101:29":6,"s:101:29:101:59":26,"b:103:86:103:105:103:105:103:125":5}}}
,"C:\\Users\\user\\Documents\\HNG INTERSHIP\\Habit Tracker\\src\\components\\habits\\HabitCard.tsx": {"path":"C:\\Users\\user\\Documents\\HNG INTERSHIP\\Habit Tracker\\src\\components\\habits\\HabitCard.tsx","statementMap":{"0":{"start":{"line":12,"column":16},"end":{"line":12,"column":null}},"1":{"start":{"line":13,"column":27},"end":{"line":13,"column":60}},"2":{"start":{"line":14,"column":8},"end":{"line":14,"column":72}},"3":{"start":{"line":17,"column":21},"end":{"line":17,"column":null}},"4":{"start":{"line":18,"column":16},"end":{"line":18,"column":null}},"5":{"start":{"line":19,"column":19},"end":{"line":19,"column":null}},"6":{"start":{"line":20,"column":18},"end":{"line":20,"column":null}},"7":{"start":{"line":22,"column":2},"end":{"line":67,"column":null}},"8":{"start":{"line":25,"column":86},"end":{"line":25,"column":101}},"9":{"start":{"line":41,"column":29},"end":{"line":41,"column":42}},"10":{"start":{"line":48,"column":29},"end":{"line":48,"column":47}},"11":{"start":{"line":56,"column":27},"end":{"line":56,"column":42}}},"fnMap":{"0":{"name":"HabitCard","decl":{"start":{"line":11,"column":24},"end":{"line":11,"column":34}},"loc":{"start":{"line":11,"column":89},"end":{"line":67,"column":null}},"line":11},"1":{"name":"(anonymous_1)","decl":{"start":{"line":25,"column":71},"end":{"line":25,"column":86}},"loc":{"start":{"line":25,"column":86},"end":{"line":25,"column":101}},"line":25},"2":{"name":"(anonymous_2)","decl":{"start":{"line":41,"column":14},"end":{"line":41,"column":29}},"loc":{"start":{"line":41,"column":29},"end":{"line":41,"column":42}},"line":41},"3":{"name":"(anonymous_3)","decl":{"start":{"line":48,"column":14},"end":{"line":48,"column":29}},"loc":{"start":{"line":48,"column":29},"end":{"line":48,"column":47}},"line":48},"4":{"name":"(anonymous_4)","decl":{"start":{"line":56,"column":12},"end":{"line":56,"column":27}},"loc":{"start":{"line":56,"column":27},"end":{"line":56,"column":42}},"line":56}},"branchMap":{"0":{"loc":{"start":{"line":30,"column":62},"end":{"line":30,"column":147}},"type":"cond-expr","locations":[{"start":{"line":30,"column":81},"end":{"line":30,"column":125}},{"start":{"line":30,"column":125},"end":{"line":30,"column":147}}],"line":30},"1":{"loc":{"start":{"line":57,"column":131},"end":{"line":59,"column":null}},"type":"cond-expr","locations":[{"start":{"line":58,"column":16},"end":{"line":58,"column":null}},{"start":{"line":59,"column":16},"end":{"line":59,"column":null}}],"line":57},"2":{"loc":{"start":{"line":61,"column":24},"end":{"line":61,"column":null}},"type":"cond-expr","locations":[{"start":{"line":61,"column":43},"end":{"line":61,"column":66}},{"start":{"line":61,"column":66},"end":{"line":61,"column":null}}],"line":61}},"s":{"0":10,"1":10,"2":10,"3":10,"4":10,"5":10,"6":10,"7":10,"8":0,"9":1,"10":2,"11":1},"f":{"0":10,"1":0,"2":1,"3":2,"4":1},"b":{"0":[1,9],"1":[1,9],"2":[1,9]},"meta":{"lastBranch":3,"lastFunction":5,"lastStatement":12,"seen":{"f:11:24:11:34":0,"s:12:16:12:Infinity":0,"s:13:27:13:60":1,"s:14:8:14:72":2,"s:17:21:17:Infinity":3,"s:18:16:18:Infinity":4,"s:19:19:19:Infinity":5,"s:20:18:20:Infinity":6,"s:22:2:67:Infinity":7,"f:25:71:25:86":1,"s:25:86:25:101":8,"b:30:81:30:125:30:125:30:147":0,"f:41:14:41:29":2,"s:41:29:41:42":9,"f:48:14:48:29":3,"s:48:29:48:47":10,"f:56:12:56:27":4,"s:56:27:56:42":11,"b:58:16:58:Infinity:59:16:59:Infinity":1,"b:61:43:61:66:61:66:61:Infinity":2}}}
,"C:\\Users\\user\\Documents\\HNG INTERSHIP\\Habit Tracker\\src\\components\\habits\\HabitForm.tsx": {"path":"C:\\Users\\user\\Documents\\HNG INTERSHIP\\Habit Tracker\\src\\components\\habits\\HabitForm.tsx","statementMap":{"0":{"start":{"line":1,"column":0},"end":{"line":1,"column":null}},"1":{"start":{"line":14,"column":15},"end":{"line":14,"column":60}},"2":{"start":{"line":15,"column":22},"end":{"line":15,"column":81}},"3":{"start":{"line":18,"column":23},"end":{"line":18,"column":70}},"4":{"start":{"line":19,"column":20},"end":{"line":19,"column":53}},"5":{"start":{"line":20,"column":15},"end":{"line":20,"column":43}},"6":{"start":{"line":22,"column":16},"end":{"line":25,"column":null}},"7":{"start":{"line":27,"column":8},"end":{"line":56,"column":null}},"8":{"start":{"line":28,"column":4},"end":{"line":28,"column":null}},"9":{"start":{"line":29,"column":4},"end":{"line":29,"column":null}},"10":{"start":{"line":29,"column":22},"end":{"line":29,"column":null}},"11":{"start":{"line":31,"column":20},"end":{"line":31,"column":40}},"12":{"start":{"line":32,"column":4},"end":{"line":32,"column":null}},"13":{"start":{"line":32,"column":18},"end":{"line":32,"column":null}},"14":{"start":{"line":34,"column":27},"end":{"line":34,"column":46}},"15":{"start":{"line":36,"column":4},"end":{"line":53,"column":null}},"16":{"start":{"line":37,"column":28},"end":{"line":40,"column":null}},"17":{"start":{"line":38,"column":8},"end":{"line":40,"column":null}},"18":{"start":{"line":42,"column":6},"end":{"line":42,"column":null}},"19":{"start":{"line":44,"column":30},"end":{"line":52,"column":null}},"20":{"start":{"line":53,"column":6},"end":{"line":53,"column":null}},"21":{"start":{"line":56,"column":4},"end":{"line":56,"column":null}},"22":{"start":{"line":59,"column":2},"end":{"line":195,"column":null}},"23":{"start":{"line":80,"column":31},"end":{"line":80,"column":54}},"24":{"start":{"line":97,"column":31},"end":{"line":97,"column":null}},"25":{"start":{"line":108,"column":14},"end":{"line":120,"column":null}},"26":{"start":{"line":111,"column":31},"end":{"line":111,"column":52}},"27":{"start":{"line":133,"column":31},"end":{"line":133,"column":52}},"28":{"start":{"line":140,"column":31},"end":{"line":140,"column":53}},"29":{"start":{"line":157,"column":33},"end":{"line":157,"column":null}}},"fnMap":{"0":{"name":"HabitForm","decl":{"start":{"line":13,"column":24},"end":{"line":13,"column":34}},"loc":{"start":{"line":13,"column":89},"end":{"line":195,"column":null}},"line":13},"1":{"name":"(anonymous_1)","decl":{"start":{"line":27,"column":8},"end":{"line":27,"column":24}},"loc":{"start":{"line":27,"column":47},"end":{"line":56,"column":null}},"line":27},"2":{"name":"(anonymous_2)","decl":{"start":{"line":37,"column":43},"end":{"line":37,"column":47}},"loc":{"start":{"line":38,"column":8},"end":{"line":40,"column":null}},"line":38},"3":{"name":"(anonymous_3)","decl":{"start":{"line":80,"column":14},"end":{"line":80,"column":25}},"loc":{"start":{"line":80,"column":31},"end":{"line":80,"column":54}},"line":80},"4":{"name":"(anonymous_4)","decl":{"start":{"line":97,"column":14},"end":{"line":97,"column":25}},"loc":{"start":{"line":97,"column":31},"end":{"line":97,"column":null}},"line":97},"5":{"name":"(anonymous_5)","decl":{"start":{"line":107,"column":19},"end":{"line":107,"column":24}},"loc":{"start":{"line":108,"column":14},"end":{"line":120,"column":null}},"line":108},"6":{"name":"(anonymous_6)","decl":{"start":{"line":111,"column":16},"end":{"line":111,"column":31}},"loc":{"start":{"line":111,"column":31},"end":{"line":111,"column":52}},"line":111},"7":{"name":"(anonymous_7)","decl":{"start":{"line":133,"column":16},"end":{"line":133,"column":31}},"loc":{"start":{"line":133,"column":31},"end":{"line":133,"column":52}},"line":133},"8":{"name":"(anonymous_8)","decl":{"start":{"line":140,"column":16},"end":{"line":140,"column":31}},"loc":{"start":{"line":140,"column":31},"end":{"line":140,"column":53}},"line":140},"9":{"name":"(anonymous_9)","decl":{"start":{"line":157,"column":16},"end":{"line":157,"column":27}},"loc":{"start":{"line":157,"column":33},"end":{"line":157,"column":null}},"line":157}},"branchMap":{"0":{"loc":{"start":{"line":14,"column":35},"end":{"line":14,"column":60}},"type":"binary-expr","locations":[{"start":{"line":14,"column":35},"end":{"line":14,"column":57}},{"start":{"line":14,"column":57},"end":{"line":14,"column":60}}],"line":14},"1":{"loc":{"start":{"line":15,"column":49},"end":{"line":15,"column":81}},"type":"binary-expr","locations":[{"start":{"line":15,"column":49},"end":{"line":15,"column":78}},{"start":{"line":15,"column":78},"end":{"line":15,"column":81}}],"line":15},"2":{"loc":{"start":{"line":29,"column":4},"end":{"line":29,"column":null}},"type":"if","locations":[{"start":{"line":29,"column":4},"end":{"line":29,"column":null}},{"start":{},"end":{}}],"line":29},"3":{"loc":{"start":{"line":32,"column":4},"end":{"line":32,"column":null}},"type":"if","locations":[{"start":{"line":32,"column":4},"end":{"line":32,"column":null}},{"start":{},"end":{}}],"line":32},"4":{"loc":{"start":{"line":36,"column":4},"end":{"line":53,"column":null}},"type":"if","locations":[{"start":{"line":36,"column":4},"end":{"line":53,"column":null}},{"start":{"line":43,"column":11},"end":{"line":53,"column":null}}],"line":36},"5":{"loc":{"start":{"line":38,"column":8},"end":{"line":40,"column":null}},"type":"cond-expr","locations":[{"start":{"line":39,"column":12},"end":{"line":39,"column":null}},{"start":{"line":40,"column":12},"end":{"line":40,"column":null}}],"line":38},"6":{"loc":{"start":{"line":62,"column":87},"end":{"line":62,"column":134}},"type":"cond-expr","locations":[{"start":{"line":62,"column":102},"end":{"line":62,"column":117}},{"start":{"line":62,"column":117},"end":{"line":62,"column":134}}],"line":62},"7":{"loc":{"start":{"line":112,"column":119},"end":{"line":114,"column":null}},"type":"cond-expr","locations":[{"start":{"line":113,"column":20},"end":{"line":113,"column":null}},{"start":{"line":114,"column":20},"end":{"line":114,"column":null}}],"line":112},"8":{"loc":{"start":{"line":117,"column":76},"end":{"line":117,"column":142}},"type":"cond-expr","locations":[{"start":{"line":117,"column":100},"end":{"line":117,"column":137}},{"start":{"line":117,"column":140},"end":{"line":117,"column":142}}],"line":117},"9":{"loc":{"start":{"line":134,"column":91},"end":{"line":134,"column":null}},"type":"cond-expr","locations":[{"start":{"line":134,"column":115},"end":{"line":134,"column":156}},{"start":{"line":134,"column":156},"end":{"line":134,"column":null}}],"line":134},"10":{"loc":{"start":{"line":141,"column":91},"end":{"line":141,"column":null}},"type":"cond-expr","locations":[{"start":{"line":141,"column":116},"end":{"line":141,"column":157}},{"start":{"line":141,"column":157},"end":{"line":141,"column":null}}],"line":141},"11":{"loc":{"start":{"line":192,"column":15},"end":{"line":192,"column":null}},"type":"cond-expr","locations":[{"start":{"line":192,"column":30},"end":{"line":192,"column":47}},{"start":{"line":192,"column":47},"end":{"line":192,"column":null}}],"line":192}},"s":{"0":1,"1":6,"2":6,"3":6,"4":6,"5":6,"6":6,"7":6,"8":3,"9":3,"10":1,"11":2,"12":2,"13":0,"14":2,"15":2,"16":1,"17":1,"18":1,"19":1,"20":1,"21":2,"22":6,"23":3,"24":0,"25":72,"26":0,"27":0,"28":0,"29":0},"f":{"0":6,"1":3,"2":1,"3":3,"4":0,"5":72,"6":0,"7":0,"8":0,"9":0},"b":{"0":[6,4],"1":[6,4],"2":[1,2],"3":[0,2],"4":[1,1],"5":[1,0],"6":[2,4],"7":[6,66],"8":[6,66],"9":[6,0],"10":[0,6],"11":[2,4]},"meta":{"lastBranch":12,"lastFunction":10,"lastStatement":30,"seen":{"s:1:0:1:Infinity":0,"f:13:24:13:34":0,"s:14:15:14:60":1,"b:14:35:14:57:14:57:14:60":0,"s:15:22:15:81":2,"b:15:49:15:78:15:78:15:81":1,"s:18:23:18:70":3,"s:19:20:19:53":4,"s:20:15:20:43":5,"s:22:16:25:Infinity":6,"s:27:8:56:Infinity":7,"f:27:8:27:24":1,"s:28:4:28:Infinity":8,"b:29:4:29:Infinity:undefined:undefined:undefined:undefined":2,"s:29:4:29:Infinity":9,"s:29:22:29:Infinity":10,"s:31:20:31:40":11,"b:32:4:32:Infinity:undefined:undefined:undefined:undefined":3,"s:32:4:32:Infinity":12,"s:32:18:32:Infinity":13,"s:34:27:34:46":14,"b:36:4:53:Infinity:43:11:53:Infinity":4,"s:36:4:53:Infinity":15,"s:37:28:40:Infinity":16,"f:37:43:37:47":2,"s:38:8:40:Infinity":17,"b:39:12:39:Infinity:40:12:40:Infinity":5,"s:42:6:42:Infinity":18,"s:44:30:52:Infinity":19,"s:53:6:53:Infinity":20,"s:56:4:56:Infinity":21,"s:59:2:195:Infinity":22,"b:62:102:62:117:62:117:62:134":6,"f:80:14:80:25":3,"s:80:31:80:54":23,"f:97:14:97:25":4,"s:97:31:97:Infinity":24,"f:107:19:107:24":5,"s:108:14:120:Infinity":25,"f:111:16:111:31":6,"s:111:31:111:52":26,"b:113:20:113:Infinity:114:20:114:Infinity":7,"b:117:100:117:137:117:140:117:142":8,"f:133:16:133:31":7,"s:133:31:133:52":27,"b:134:115:134:156:134:156:134:Infinity":9,"f:140:16:140:31":8,"s:140:31:140:53":28,"b:141:116:141:157:141:157:141:Infinity":10,"f:157:16:157:27":9,"s:157:33:157:Infinity":29,"b:192:30:192:47:192:47:192:Infinity":11}}}
,"C:\\Users\\user\\Documents\\HNG INTERSHIP\\Habit Tracker\\src\\components\\habits\\HabitList.tsx": {"path":"C:\\Users\\user\\Documents\\HNG INTERSHIP\\Habit Tracker\\src\\components\\habits\\HabitList.tsx","statementMap":{"0":{"start":{"line":16,"column":23},"end":{"line":16,"column":70}},"1":{"start":{"line":17,"column":26},"end":{"line":17,"column":77}},"2":{"start":{"line":19,"column":8},"end":{"line":25,"column":null}},"3":{"start":{"line":20,"column":18},"end":{"line":20,"column":null}},"4":{"start":{"line":21,"column":10},"end":{"line":21,"column":60}},"5":{"start":{"line":22,"column":27},"end":{"line":22,"column":46}},"6":{"start":{"line":23,"column":26},"end":{"line":23,"column":89}},"7":{"start":{"line":23,"column":52},"end":{"line":23,"column":89}},"8":{"start":{"line":24,"column":4},"end":{"line":24,"column":null}},"9":{"start":{"line":25,"column":4},"end":{"line":25,"column":null}},"10":{"start":{"line":28,"column":8},"end":{"line":29,"column":null}},"11":{"start":{"line":29,"column":4},"end":{"line":29,"column":null}},"12":{"start":{"line":32,"column":8},"end":{"line":38,"column":null}},"13":{"start":{"line":33,"column":4},"end":{"line":38,"column":null}},"14":{"start":{"line":34,"column":29},"end":{"line":34,"column":48}},"15":{"start":{"line":35,"column":28},"end":{"line":35,"column":82}},"16":{"start":{"line":35,"column":57},"end":{"line":35,"column":82}},"17":{"start":{"line":36,"column":6},"end":{"line":36,"column":null}},"18":{"start":{"line":37,"column":6},"end":{"line":37,"column":null}},"19":{"start":{"line":38,"column":6},"end":{"line":38,"column":null}},"20":{"start":{"line":42,"column":8},"end":{"line":43,"column":null}},"21":{"start":{"line":43,"column":4},"end":{"line":43,"column":null}},"22":{"start":{"line":46,"column":2},"end":{"line":55,"column":null}},"23":{"start":{"line":47,"column":4},"end":{"line":55,"column":null}},"24":{"start":{"line":60,"column":2},"end":{"line":88,"column":null}},"25":{"start":{"line":66,"column":12},"end":{"line":66,"column":null}},"26":{"start":{"line":67,"column":12},"end":{"line":67,"column":null}},"27":{"start":{"line":69,"column":26},"end":{"line":69,"column":null}},"28":{"start":{"line":80,"column":10},"end":{"line":86,"column":null}}},"fnMap":{"0":{"name":"HabitList","decl":{"start":{"line":15,"column":24},"end":{"line":15,"column":34}},"loc":{"start":{"line":15,"column":86},"end":{"line":88,"column":null}},"line":15},"1":{"name":"(anonymous_1)","decl":{"start":{"line":19,"column":8},"end":{"line":19,"column":24}},"loc":{"start":{"line":19,"column":41},"end":{"line":25,"column":null}},"line":19},"2":{"name":"(anonymous_2)","decl":{"start":{"line":23,"column":41},"end":{"line":23,"column":46}},"loc":{"start":{"line":23,"column":52},"end":{"line":23,"column":89}},"line":23},"3":{"name":"(anonymous_3)","decl":{"start":{"line":28,"column":8},"end":{"line":28,"column":29}},"loc":{"start":{"line":28,"column":49},"end":{"line":29,"column":null}},"line":28},"4":{"name":"(anonymous_4)","decl":{"start":{"line":32,"column":8},"end":{"line":32,"column":36}},"loc":{"start":{"line":32,"column":36},"end":{"line":38,"column":null}},"line":32},"5":{"name":"(anonymous_5)","decl":{"start":{"line":35,"column":43},"end":{"line":35,"column":51}},"loc":{"start":{"line":35,"column":57},"end":{"line":35,"column":82}},"line":35},"6":{"name":"(anonymous_6)","decl":{"start":{"line":42,"column":8},"end":{"line":42,"column":35}},"loc":{"start":{"line":42,"column":35},"end":{"line":43,"column":null}},"line":42},"7":{"name":"(anonymous_7)","decl":{"start":{"line":65,"column":10},"end":{"line":65,"column":27}},"loc":{"start":{"line":65,"column":27},"end":{"line":67,"column":null}},"line":65},"8":{"name":"(anonymous_8)","decl":{"start":{"line":69,"column":10},"end":{"line":69,"column":26}},"loc":{"start":{"line":69,"column":26},"end":{"line":69,"column":null}},"line":69},"9":{"name":"(anonymous_9)","decl":{"start":{"line":79,"column":16},"end":{"line":79,"column":21}},"loc":{"start":{"line":80,"column":10},"end":{"line":86,"column":null}},"line":80}},"branchMap":{"0":{"loc":{"start":{"line":23,"column":52},"end":{"line":23,"column":89}},"type":"cond-expr","locations":[{"start":{"line":23,"column":72},"end":{"line":23,"column":87}},{"start":{"line":23,"column":87},"end":{"line":23,"column":89}}],"line":23},"1":{"loc":{"start":{"line":33,"column":4},"end":{"line":38,"column":null}},"type":"if","locations":[{"start":{"line":33,"column":4},"end":{"line":38,"column":null}},{"start":{},"end":{}}],"line":33},"2":{"loc":{"start":{"line":46,"column":2},"end":{"line":55,"column":null}},"type":"if","locations":[{"start":{"line":46,"column":2},"end":{"line":55,"column":null}},{"start":{},"end":{}}],"line":46},"3":{"loc":{"start":{"line":62,"column":7},"end":{"line":70,"column":null}},"type":"binary-expr","locations":[{"start":{"line":62,"column":7},"end":{"line":62,"column":null}},{"start":{"line":63,"column":8},"end":{"line":70,"column":null}}],"line":62},"4":{"loc":{"start":{"line":72,"column":7},"end":{"line":76,"column":null}},"type":"binary-expr","locations":[{"start":{"line":72,"column":7},"end":{"line":72,"column":null}},{"start":{"line":73,"column":8},"end":{"line":76,"column":null}}],"line":72}},"s":{"0":15,"1":15,"2":15,"3":1,"4":1,"5":1,"6":1,"7":1,"8":1,"9":1,"10":15,"11":2,"12":15,"13":1,"14":1,"15":1,"16":1,"17":1,"18":1,"19":1,"20":15,"21":1,"22":15,"23":5,"24":10,"25":1,"26":1,"27":0,"28":10},"f":{"0":15,"1":1,"2":1,"3":2,"4":1,"5":1,"6":1,"7":1,"8":0,"9":10},"b":{"0":[1,0],"1":[1,0],"2":[5,10],"3":[10,1],"4":[15,2]},"meta":{"lastBranch":5,"lastFunction":10,"lastStatement":29,"seen":{"f:15:24:15:34":0,"s:16:23:16:70":0,"s:17:26:17:77":1,"s:19:8:25:Infinity":2,"f:19:8:19:24":1,"s:20:18:20:Infinity":3,"s:21:10:21:60":4,"s:22:27:22:46":5,"s:23:26:23:89":6,"f:23:41:23:46":2,"s:23:52:23:89":7,"b:23:72:23:87:23:87:23:89":0,"s:24:4:24:Infinity":8,"s:25:4:25:Infinity":9,"s:28:8:29:Infinity":10,"f:28:8:28:29":3,"s:29:4:29:Infinity":11,"s:32:8:38:Infinity":12,"f:32:8:32:36":4,"b:33:4:38:Infinity:undefined:undefined:undefined:undefined":1,"s:33:4:38:Infinity":13,"s:34:29:34:48":14,"s:35:28:35:82":15,"f:35:43:35:51":5,"s:35:57:35:82":16,"s:36:6:36:Infinity":17,"s:37:6:37:Infinity":18,"s:38:6:38:Infinity":19,"s:42:8:43:Infinity":20,"f:42:8:42:35":6,"s:43:4:43:Infinity":21,"b:46:2:55:Infinity:undefined:undefined:undefined:undefined":2,"s:46:2:55:Infinity":22,"s:47:4:55:Infinity":23,"s:60:2:88:Infinity":24,"b:62:7:62:Infinity:63:8:70:Infinity":3,"f:65:10:65:27":7,"s:66:12:66:Infinity":25,"s:67:12:67:Infinity":26,"f:69:10:69:26":8,"s:69:26:69:Infinity":27,"b:72:7:72:Infinity:73:8:76:Infinity":4,"f:79:16:79:21":9,"s:80:10:86:Infinity":28}}}
,"C:\\Users\\user\\Documents\\HNG INTERSHIP\\Habit Tracker\\src\\components\\shared\\ConfirmDeleteModal.tsx": {"path":"C:\\Users\\user\\Documents\\HNG INTERSHIP\\Habit Tracker\\src\\components\\shared\\ConfirmDeleteModal.tsx","statementMap":{"0":{"start":{"line":1,"column":0},"end":{"line":1,"column":null}},"1":{"start":{"line":9,"column":2},"end":{"line":31,"column":null}}},"fnMap":{"0":{"name":"ConfirmDeleteModal","decl":{"start":{"line":8,"column":24},"end":{"line":8,"column":43}},"loc":{"start":{"line":8,"column":93},"end":{"line":31,"column":null}},"line":8}},"branchMap":{},"s":{"0":1,"1":2},"f":{"0":2},"b":{},"meta":{"lastBranch":0,"lastFunction":1,"lastStatement":2,"seen":{"s:1:0:1:Infinity":0,"f:8:24:8:43":0,"s:9:2:31:Infinity":1}}}
,"C:\\Users\\user\\Documents\\HNG INTERSHIP\\Habit Tracker\\src\\components\\shared\\ProtectedRoute.tsx": {"path":"C:\\Users\\user\\Documents\\HNG INTERSHIP\\Habit Tracker\\src\\components\\shared\\ProtectedRoute.tsx","statementMap":{"0":{"start":{"line":1,"column":0},"end":{"line":1,"column":null}},"1":{"start":{"line":8,"column":8},"end":{"line":8,"column":28}},"2":{"start":{"line":9,"column":23},"end":{"line":9,"column":57}},"3":{"start":{"line":11,"column":2},"end":{"line":22,"column":null}},"4":{"start":{"line":12,"column":22},"end":{"line":17,"column":null}},"5":{"start":{"line":13,"column":22},"end":{"line":13,"column":42}},"6":{"start":{"line":14,"column":6},"end":{"line":17,"column":null}},"7":{"start":{"line":15,"column":8},"end":{"line":15,"column":null}},"8":{"start":{"line":17,"column":8},"end":{"line":17,"column":null}},"9":{"start":{"line":21,"column":4},"end":{"line":21,"column":null}},"10":{"start":{"line":24,"column":2},"end":{"line":25,"column":null}},"11":{"start":{"line":25,"column":4},"end":{"line":25,"column":null}},"12":{"start":{"line":28,"column":2},"end":{"line":28,"column":null}}},"fnMap":{"0":{"name":"ProtectedRoute","decl":{"start":{"line":7,"column":24},"end":{"line":7,"column":39}},"loc":{"start":{"line":7,"column":84},"end":{"line":28,"column":null}},"line":7},"1":{"name":"(anonymous_1)","decl":{"start":{"line":11,"column":2},"end":{"line":11,"column":18}},"loc":{"start":{"line":11,"column":18},"end":{"line":22,"column":6}},"line":11},"2":{"name":"(anonymous_2)","decl":{"start":{"line":12,"column":22},"end":{"line":12,"column":34}},"loc":{"start":{"line":12,"column":34},"end":{"line":17,"column":null}},"line":12}},"branchMap":{"0":{"loc":{"start":{"line":14,"column":6},"end":{"line":17,"column":null}},"type":"if","locations":[{"start":{"line":14,"column":6},"end":{"line":17,"column":null}},{"start":{"line":16,"column":13},"end":{"line":17,"column":null}}],"line":14},"1":{"loc":{"start":{"line":24,"column":2},"end":{"line":25,"column":null}},"type":"if","locations":[{"start":{"line":24,"column":2},"end":{"line":25,"column":null}},{"start":{},"end":{}}],"line":24}},"s":{"0":1,"1":22,"2":22,"3":22,"4":16,"5":16,"6":16,"7":0,"8":16,"9":16,"10":22,"11":5,"12":17},"f":{"0":22,"1":16,"2":16},"b":{"0":[0,16],"1":[5,17]},"meta":{"lastBranch":2,"lastFunction":3,"lastStatement":13,"seen":{"s:1:0:1:Infinity":0,"f:7:24:7:39":0,"s:8:8:8:28":1,"s:9:23:9:57":2,"s:11:2:22:Infinity":3,"f:11:2:11:18":1,"s:12:22:17:Infinity":4,"f:12:22:12:34":2,"s:13:22:13:42":5,"b:14:6:17:Infinity:16:13:17:Infinity":0,"s:14:6:17:Infinity":6,"s:15:8:15:Infinity":7,"s:17:8:17:Infinity":8,"s:21:4:21:Infinity":9,"b:24:2:25:Infinity:undefined:undefined:undefined:undefined":1,"s:24:2:25:Infinity":10,"s:25:4:25:Infinity":11,"s:28:2:28:Infinity":12}}}
,"C:\\Users\\user\\Documents\\HNG INTERSHIP\\Habit Tracker\\src\\lib\\habits.ts": {"path":"C:\\Users\\user\\Documents\\HNG INTERSHIP\\Habit Tracker\\src\\lib\\habits.ts","statementMap":{"0":{"start":{"line":4,"column":25},"end":{"line":4,"column":57}},"1":{"start":{"line":6,"column":2},"end":{"line":9,"column":null}},"2":{"start":{"line":7,"column":4},"end":{"line":7,"column":null}},"3":{"start":{"line":9,"column":4},"end":{"line":9,"column":null}},"4":{"start":{"line":12,"column":2},"end":{"line":15,"column":null}}},"fnMap":{"0":{"name":"toggleHabitCompletion","decl":{"start":{"line":3,"column":16},"end":{"line":3,"column":38}},"loc":{"start":{"line":3,"column":73},"end":{"line":15,"column":null}},"line":3}},"branchMap":{"0":{"loc":{"start":{"line":4,"column":33},"end":{"line":4,"column":56}},"type":"binary-expr","locations":[{"start":{"line":4,"column":33},"end":{"line":4,"column":54}},{"start":{"line":4,"column":54},"end":{"line":4,"column":56}}],"line":4},"1":{"loc":{"start":{"line":6,"column":2},"end":{"line":9,"column":null}},"type":"if","locations":[{"start":{"line":6,"column":2},"end":{"line":9,"column":null}},{"start":{"line":8,"column":9},"end":{"line":9,"column":null}}],"line":6}},"s":{"0":5,"1":5,"2":1,"3":4,"4":5},"f":{"0":5},"b":{"0":[5,0],"1":[1,4]},"meta":{"lastBranch":2,"lastFunction":1,"lastStatement":5,"seen":{"f:3:16:3:38":0,"s:4:25:4:57":0,"b:4:33:4:54:4:54:4:56":0,"b:6:2:9:Infinity:8:9:9:Infinity":1,"s:6:2:9:Infinity":1,"s:7:4:7:Infinity":2,"s:9:4:9:Infinity":3,"s:12:2:15:Infinity":4}}}
,"C:\\Users\\user\\Documents\\HNG INTERSHIP\\Habit Tracker\\src\\lib\\slug.ts": {"path":"C:\\Users\\user\\Documents\\HNG INTERSHIP\\Habit Tracker\\src\\lib\\slug.ts","statementMap":{"0":{"start":{"line":2,"column":2},"end":{"line":6,"column":null}}},"fnMap":{"0":{"name":"getHabitSlug","decl":{"start":{"line":1,"column":16},"end":{"line":1,"column":29}},"loc":{"start":{"line":1,"column":51},"end":{"line":6,"column":null}},"line":1}},"branchMap":{},"s":{"0":3},"f":{"0":3},"b":{},"meta":{"lastBranch":0,"lastFunction":1,"lastStatement":1,"seen":{"f:1:16:1:29":0,"s:2:2:6:Infinity":0}}}
,"C:\\Users\\user\\Documents\\HNG INTERSHIP\\Habit Tracker\\src\\lib\\storage.ts": {"path":"C:\\Users\\user\\Documents\\HNG INTERSHIP\\Habit Tracker\\src\\lib\\storage.ts","statementMap":{"0":{"start":{"line":4,"column":18},"end":{"line":4,"column":null}},"1":{"start":{"line":5,"column":20},"end":{"line":5,"column":null}},"2":{"start":{"line":6,"column":19},"end":{"line":6,"column":null}},"3":{"start":{"line":8,"column":23},"end":{"line":43,"column":null}},"4":{"start":{"line":10,"column":4},"end":{"line":10,"column":null}},"5":{"start":{"line":10,"column":39},"end":{"line":10,"column":null}},"6":{"start":{"line":11,"column":17},"end":{"line":11,"column":48}},"7":{"start":{"line":12,"column":4},"end":{"line":12,"column":null}},"8":{"start":{"line":15,"column":4},"end":{"line":16,"column":null}},"9":{"start":{"line":16,"column":6},"end":{"line":16,"column":null}},"10":{"start":{"line":20,"column":4},"end":{"line":20,"column":null}},"11":{"start":{"line":20,"column":39},"end":{"line":20,"column":null}},"12":{"start":{"line":21,"column":17},"end":{"line":21,"column":50}},"13":{"start":{"line":22,"column":4},"end":{"line":22,"column":null}},"14":{"start":{"line":25,"column":4},"end":{"line":29,"column":null}},"15":{"start":{"line":26,"column":6},"end":{"line":29,"column":null}},"16":{"start":{"line":27,"column":8},"end":{"line":27,"column":null}},"17":{"start":{"line":29,"column":8},"end":{"line":29,"column":null}},"18":{"start":{"line":34,"column":4},"end":{"line":34,"column":null}},"19":{"start":{"line":34,"column":39},"end":{"line":34,"column":null}},"20":{"start":{"line":35,"column":17},"end":{"line":35,"column":49}},"21":{"start":{"line":36,"column":4},"end":{"line":36,"column":null}},"22":{"start":{"line":39,"column":4},"end":{"line":40,"column":null}},"23":{"start":{"line":40,"column":6},"end":{"line":40,"column":null}}},"fnMap":{"0":{"name":"(anonymous_0)","decl":{"start":{"line":9,"column":2},"end":{"line":9,"column":26}},"loc":{"start":{"line":9,"column":26},"end":{"line":12,"column":null}},"line":9},"1":{"name":"(anonymous_1)","decl":{"start":{"line":14,"column":2},"end":{"line":14,"column":14}},"loc":{"start":{"line":14,"column":32},"end":{"line":16,"column":null}},"line":14},"2":{"name":"(anonymous_2)","decl":{"start":{"line":19,"column":2},"end":{"line":19,"column":36}},"loc":{"start":{"line":19,"column":36},"end":{"line":22,"column":null}},"line":19},"3":{"name":"(anonymous_3)","decl":{"start":{"line":24,"column":2},"end":{"line":24,"column":16}},"loc":{"start":{"line":24,"column":44},"end":{"line":29,"column":null}},"line":24},"4":{"name":"(anonymous_4)","decl":{"start":{"line":33,"column":2},"end":{"line":33,"column":28}},"loc":{"start":{"line":33,"column":28},"end":{"line":36,"column":null}},"line":33},"5":{"name":"(anonymous_5)","decl":{"start":{"line":38,"column":2},"end":{"line":38,"column":15}},"loc":{"start":{"line":38,"column":35},"end":{"line":40,"column":null}},"line":38}},"branchMap":{"0":{"loc":{"start":{"line":10,"column":4},"end":{"line":10,"column":null}},"type":"if","locations":[{"start":{"line":10,"column":4},"end":{"line":10,"column":null}},{"start":{},"end":{}}],"line":10},"1":{"loc":{"start":{"line":12,"column":11},"end":{"line":12,"column":39}},"type":"cond-expr","locations":[{"start":{"line":12,"column":18},"end":{"line":12,"column":34}},{"start":{"line":12,"column":37},"end":{"line":12,"column":39}}],"line":12},"2":{"loc":{"start":{"line":15,"column":4},"end":{"line":16,"column":null}},"type":"if","locations":[{"start":{"line":15,"column":4},"end":{"line":16,"column":null}},{"start":{},"end":{}}],"line":15},"3":{"loc":{"start":{"line":20,"column":4},"end":{"line":20,"column":null}},"type":"if","locations":[{"start":{"line":20,"column":4},"end":{"line":20,"column":null}},{"start":{},"end":{}}],"line":20},"4":{"loc":{"start":{"line":22,"column":11},"end":{"line":22,"column":null}},"type":"cond-expr","locations":[{"start":{"line":22,"column":18},"end":{"line":22,"column":34}},{"start":{"line":22,"column":37},"end":{"line":22,"column":null}}],"line":22},"5":{"loc":{"start":{"line":25,"column":4},"end":{"line":29,"column":null}},"type":"if","locations":[{"start":{"line":25,"column":4},"end":{"line":29,"column":null}},{"start":{},"end":{}}],"line":25},"6":{"loc":{"start":{"line":26,"column":6},"end":{"line":29,"column":null}},"type":"if","locations":[{"start":{"line":26,"column":6},"end":{"line":29,"column":null}},{"start":{"line":28,"column":13},"end":{"line":29,"column":null}}],"line":26},"7":{"loc":{"start":{"line":34,"column":4},"end":{"line":34,"column":null}},"type":"if","locations":[{"start":{"line":34,"column":4},"end":{"line":34,"column":null}},{"start":{},"end":{}}],"line":34},"8":{"loc":{"start":{"line":36,"column":11},"end":{"line":36,"column":39}},"type":"cond-expr","locations":[{"start":{"line":36,"column":18},"end":{"line":36,"column":34}},{"start":{"line":36,"column":37},"end":{"line":36,"column":39}}],"line":36},"9":{"loc":{"start":{"line":39,"column":4},"end":{"line":40,"column":null}},"type":"if","locations":[{"start":{"line":39,"column":4},"end":{"line":40,"column":null}},{"start":{},"end":{}}],"line":39}},"s":{"0":2,"1":2,"2":2,"3":2,"4":5,"5":0,"6":5,"7":5,"8":4,"9":4,"10":30,"11":0,"12":30,"13":30,"14":7,"15":7,"16":7,"17":0,"18":19,"19":0,"20":19,"21":19,"22":12,"23":12},"f":{"0":5,"1":4,"2":30,"3":7,"4":19,"5":12},"b":{"0":[0,5],"1":[4,1],"2":[4,0],"3":[0,30],"4":[29,1],"5":[7,0],"6":[7,0],"7":[0,19],"8":[19,0],"9":[12,0]},"meta":{"lastBranch":10,"lastFunction":6,"lastStatement":24,"seen":{"s:4:18:4:Infinity":0,"s:5:20:5:Infinity":1,"s:6:19:6:Infinity":2,"s:8:23:43:Infinity":3,"f:9:2:9:26":0,"b:10:4:10:Infinity:undefined:undefined:undefined:undefined":0,"s:10:4:10:Infinity":4,"s:10:39:10:Infinity":5,"s:11:17:11:48":6,"s:12:4:12:Infinity":7,"b:12:18:12:34:12:37:12:39":1,"f:14:2:14:14":1,"b:15:4:16:Infinity:undefined:undefined:undefined:undefined":2,"s:15:4:16:Infinity":8,"s:16:6:16:Infinity":9,"f:19:2:19:36":2,"b:20:4:20:Infinity:undefined:undefined:undefined:undefined":3,"s:20:4:20:Infinity":10,"s:20:39:20:Infinity":11,"s:21:17:21:50":12,"s:22:4:22:Infinity":13,"b:22:18:22:34:22:37:22:Infinity":4,"f:24:2:24:16":3,"b:25:4:29:Infinity:undefined:undefined:undefined:undefined":5,"s:25:4:29:Infinity":14,"b:26:6:29:Infinity:28:13:29:Infinity":6,"s:26:6:29:Infinity":15,"s:27:8:27:Infinity":16,"s:29:8:29:Infinity":17,"f:33:2:33:28":4,"b:34:4:34:Infinity:undefined:undefined:undefined:undefined":7,"s:34:4:34:Infinity":18,"s:34:39:34:Infinity":19,"s:35:17:35:49":20,"s:36:4:36:Infinity":21,"b:36:18:36:34:36:37:36:39":8,"f:38:2:38:15":5,"b:39:4:40:Infinity:undefined:undefined:undefined:undefined":9,"s:39:4:40:Infinity":22,"s:40:6:40:Infinity":23}}}
,"C:\\Users\\user\\Documents\\HNG INTERSHIP\\Habit Tracker\\src\\lib\\streaks.ts": {"path":"C:\\Users\\user\\Documents\\HNG INTERSHIP\\Habit Tracker\\src\\lib\\streaks.ts","statementMap":{"0":{"start":{"line":2,"column":2},"end":{"line":2,"column":null}},"1":{"start":{"line":2,"column":48},"end":{"line":2,"column":null}},"2":{"start":{"line":4,"column":23},"end":{"line":4,"column":null}},"3":{"start":{"line":7,"column":23},"end":{"line":7,"column":90}},"4":{"start":{"line":7,"column":71},"end":{"line":7,"column":89}},"5":{"start":{"line":9,"column":2},"end":{"line":9,"column":null}},"6":{"start":{"line":9,"column":44},"end":{"line":9,"column":null}},"7":{"start":{"line":11,"column":15},"end":{"line":11,"column":null}},"8":{"start":{"line":12,"column":25},"end":{"line":12,"column":null}},"9":{"start":{"line":14,"column":2},"end":{"line":26,"column":null}},"10":{"start":{"line":15,"column":4},"end":{"line":15,"column":null}},"11":{"start":{"line":15,"column":29},"end":{"line":15,"column":null}},"12":{"start":{"line":17,"column":4},"end":{"line":26,"column":null}},"13":{"start":{"line":18,"column":6},"end":{"line":18,"column":null}},"14":{"start":{"line":20,"column":33},"end":{"line":20,"column":72}},"15":{"start":{"line":21,"column":16},"end":{"line":21,"column":46}},"16":{"start":{"line":22,"column":6},"end":{"line":22,"column":null}},"17":{"start":{"line":23,"column":6},"end":{"line":23,"column":null}},"18":{"start":{"line":24,"column":15},"end":{"line":26,"column":null}},"19":{"start":{"line":26,"column":6},"end":{"line":26,"column":null}},"20":{"start":{"line":30,"column":2},"end":{"line":30,"column":null}}},"fnMap":{"0":{"name":"calculateCurrentStreak","decl":{"start":{"line":1,"column":16},"end":{"line":1,"column":39}},"loc":{"start":{"line":1,"column":86},"end":{"line":30,"column":null}},"line":1},"1":{"name":"(anonymous_1)","decl":{"start":{"line":7,"column":56},"end":{"line":7,"column":62}},"loc":{"start":{"line":7,"column":71},"end":{"line":7,"column":89}},"line":7}},"branchMap":{"0":{"loc":{"start":{"line":2,"column":2},"end":{"line":2,"column":null}},"type":"if","locations":[{"start":{"line":2,"column":2},"end":{"line":2,"column":null}},{"start":{},"end":{}}],"line":2},"1":{"loc":{"start":{"line":2,"column":6},"end":{"line":2,"column":48}},"type":"binary-expr","locations":[{"start":{"line":2,"column":6},"end":{"line":2,"column":22}},{"start":{"line":2,"column":22},"end":{"line":2,"column":48}}],"line":2},"2":{"loc":{"start":{"line":4,"column":23},"end":{"line":4,"column":null}},"type":"binary-expr","locations":[{"start":{"line":4,"column":23},"end":{"line":4,"column":32}},{"start":{"line":4,"column":32},"end":{"line":4,"column":null}}],"line":4},"3":{"loc":{"start":{"line":9,"column":2},"end":{"line":9,"column":null}},"type":"if","locations":[{"start":{"line":9,"column":2},"end":{"line":9,"column":null}},{"start":{},"end":{}}],"line":9},"4":{"loc":{"start":{"line":15,"column":4},"end":{"line":15,"column":null}},"type":"if","locations":[{"start":{"line":15,"column":4},"end":{"line":15,"column":null}},{"start":{},"end":{}}],"line":15},"5":{"loc":{"start":{"line":17,"column":4},"end":{"line":26,"column":null}},"type":"if","locations":[{"start":{"line":17,"column":4},"end":{"line":26,"column":null}},{"start":{"line":24,"column":15},"end":{"line":26,"column":null}}],"line":17},"6":{"loc":{"start":{"line":24,"column":15},"end":{"line":26,"column":null}},"type":"if","locations":[{"start":{"line":24,"column":15},"end":{"line":26,"column":null}},{"start":{},"end":{}}],"line":24}},"s":{"0":21,"1":10,"2":11,"3":21,"4":4,"5":21,"6":6,"7":5,"8":5,"9":5,"10":9,"11":0,"12":9,"13":8,"14":8,"15":8,"16":8,"17":8,"18":1,"19":1,"20":5},"f":{"0":21,"1":4},"b":{"0":[10,11],"1":[21,21],"2":[11,0],"3":[6,15],"4":[0,9],"5":[8,1],"6":[1,0]},"meta":{"lastBranch":7,"lastFunction":2,"lastStatement":21,"seen":{"f:1:16:1:39":0,"b:2:2:2:Infinity:undefined:undefined:undefined:undefined":0,"s:2:2:2:Infinity":0,"b:2:6:2:22:2:22:2:48":1,"s:2:48:2:Infinity":1,"s:4:23:4:Infinity":2,"b:4:23:4:32:4:32:4:Infinity":2,"s:7:23:7:90":3,"f:7:56:7:62":1,"s:7:71:7:89":4,"b:9:2:9:Infinity:undefined:undefined:undefined:undefined":3,"s:9:2:9:Infinity":5,"s:9:44:9:Infinity":6,"s:11:15:11:Infinity":7,"s:12:25:12:Infinity":8,"s:14:2:26:Infinity":9,"b:15:4:15:Infinity:undefined:undefined:undefined:undefined":4,"s:15:4:15:Infinity":10,"s:15:29:15:Infinity":11,"b:17:4:26:Infinity:24:15:26:Infinity":5,"s:17:4:26:Infinity":12,"s:18:6:18:Infinity":13,"s:20:33:20:72":14,"s:21:16:21:46":15,"s:22:6:22:Infinity":16,"s:23:6:23:Infinity":17,"b:24:15:26:Infinity:undefined:undefined:undefined:undefined":6,"s:24:15:26:Infinity":18,"s:26:6:26:Infinity":19,"s:30:2:30:Infinity":20}}}
,"C:\\Users\\user\\Documents\\HNG INTERSHIP\\Habit Tracker\\src\\lib\\validators.ts": {"path":"C:\\Users\\user\\Documents\\HNG INTERSHIP\\Habit Tracker\\src\\lib\\validators.ts","statementMap":{"0":{"start":{"line":17,"column":18},"end":{"line":17,"column":29}},"1":{"start":{"line":19,"column":2},"end":{"line":24,"column":null}},"2":{"start":{"line":20,"column":4},"end":{"line":24,"column":null}},"3":{"start":{"line":27,"column":2},"end":{"line":32,"column":null}},"4":{"start":{"line":28,"column":4},"end":{"line":32,"column":null}},"5":{"start":{"line":35,"column":2},"end":{"line":39,"column":null}}},"fnMap":{"0":{"name":"validateHabitName","decl":{"start":{"line":12,"column":16},"end":{"line":12,"column":34}},"loc":{"start":{"line":16,"column":2},"end":{"line":39,"column":null}},"line":16}},"branchMap":{"0":{"loc":{"start":{"line":19,"column":2},"end":{"line":24,"column":null}},"type":"if","locations":[{"start":{"line":19,"column":2},"end":{"line":24,"column":null}},{"start":{},"end":{}}],"line":19},"1":{"loc":{"start":{"line":27,"column":2},"end":{"line":32,"column":null}},"type":"if","locations":[{"start":{"line":27,"column":2},"end":{"line":32,"column":null}},{"start":{},"end":{}}],"line":27}},"s":{"0":3,"1":3,"2":1,"3":2,"4":1,"5":1},"f":{"0":3},"b":{"0":[1,2],"1":[1,1]},"meta":{"lastBranch":2,"lastFunction":1,"lastStatement":6,"seen":{"f:12:16:12:34":0,"s:17:18:17:29":0,"b:19:2:24:Infinity:undefined:undefined:undefined:undefined":0,"s:19:2:24:Infinity":1,"s:20:4:24:Infinity":2,"b:27:2:32:Infinity:undefined:undefined:undefined:undefined":1,"s:27:2:32:Infinity":3,"s:28:4:32:Infinity":4,"s:35:2:39:Infinity":5}}}
}
